lib_pullalive/build/intermediates/manifest_merge_blame_file/debug/manifest-merger-blame-debug-report.txt
1<?xml version="1.0" encoding="utf-8"?>
2<manifest xmlns:android="http://schemas.android.com/apk/res/android"
3    package="com.wu.lib_pullalive"
4    android:versionCode="1"
5    android:versionName="1.0" >
6
7    <uses-sdk
8        android:minSdkVersion="19"
8-->src/main/AndroidManifest.xml
9        android:targetSdkVersion="29" />
9-->src/main/AndroidManifest.xml
10
11    <application
11-->src/main/AndroidManifest.xml:5:5-13:19
12        android:allowBackup="true"
12-->src/main/AndroidManifest.xml:6:9-35
13        android:label="@string/app_name" >
13-->src/main/AndroidManifest.xml:7:9-41
14        <service
14-->src/main/AndroidManifest.xml:8:9-12:72
15            android:name="com.wu.lib_pullalive.app.AliveJobService"
15-->src/main/AndroidManifest.xml:9:13-68
16            android:enabled="true"
16-->src/main/AndroidManifest.xml:10:13-35
17            android:exported="true"
17-->src/main/AndroidManifest.xml:11:13-36
18            android:permission="android.permission.BIND_JOB_SERVICE" />
18-->src/main/AndroidManifest.xml:12:13-69
19    </application>
20
21</manifest>